2024-01-19 16:31:57,927 INFO main archivio_info - Aggiunto elemento Libri{ElementiBiblioteca{ISBN=1, titolo='Il signore degli Anelli - la compagnia dell'anello', annoPubblicazione=1939-04-12, nPagine=400}autore='Tolkien', genere='Fantasy'}
2024-01-19 16:31:57,928 INFO main archivio_info - Aggiunto elemento Libri{ElementiBiblioteca{ISBN=2, titolo='Harry Potter e la pietra filosoale', annoPubblicazione=2001-09-12, nPagine=220}autore='Rowling', genere='Fantasy'}
2024-01-19 16:31:57,928 INFO main archivio_info - Aggiunto elemento Libri{ElementiBiblioteca{ISBN=3, titolo='Se questo è un uomo', annoPubblicazione=1990-08-25, nPagine=157}autore='Primo Levi', genere='Biography'}
2024-01-19 16:31:57,929 INFO main archivio_info - Aggiunto elemento Riviste{ElementiBiblioteca{ISBN=4, titolo='Famiglia Cristiana', annoPubblicazione=2000-12-14, nPagine=50}periodicità=SETTIMANALE}
2024-01-19 16:31:57,929 INFO main archivio_info - Aggiunto elemento Riviste{ElementiBiblioteca{ISBN=5, titolo='Novella 2000', annoPubblicazione=2004-10-14, nPagine=60}periodicità=SETTIMANALE}
2024-01-19 16:31:57,929 INFO main archivio_info - Aggiunto elemento Riviste{ElementiBiblioteca{ISBN=6, titolo='Focus', annoPubblicazione=1998-03-28, nPagine=45}periodicità=MENSILE}
2024-01-19 16:31:57,929 INFO main archivio_info - Aggiunto elemento Riviste{ElementiBiblioteca{ISBN=7, titolo='Maghi e magie', annoPubblicazione=1898-02-28, nPagine=70}periodicità=SEMESTRALE}
2024-01-19 16:31:57,930 ERROR main archivio_error - L'archivio ha già l'elemento : Libri{ElementiBiblioteca{ISBN=1, titolo='Il signore degli Anelli - la compagnia dell'anello', annoPubblicazione=1939-04-12, nPagine=400}autore='Tolkien', genere='Fantasy'}
2024-01-19 16:31:57,930 ERROR main archivio_error - L'archivio ha già l'elemento : Libri{ElementiBiblioteca{ISBN=1, titolo='Il signore degli Anelli - la compagnia dell'anello', annoPubblicazione=1939-04-12, nPagine=400}autore='Tolkien', genere='Fantasy'}
2024-01-19 16:31:57,935 ERROR main archivio_error - Elemento con ISBN: 8 non trovato!
2024-01-19 16:31:57,935 ERROR main archivio_error - Elemento con ISBN: 8 non trovato!
2024-01-19 16:31:57,937 ERROR main archivio_error - projects2.SearchExecption: Elemento con ISBN 0 non trovato
2024-01-19 16:31:57,937 ERROR main archivio_error - projects2.SearchExecption: Elemento con ISBN 0 non trovato
2024-01-19 16:31:57,942 ERROR main archivio_error - projects2.SearchExecption: Nessun elemento con Anno 1958 trovato
2024-01-19 16:31:57,942 ERROR main archivio_error - projects2.SearchExecption: Nessun elemento con Anno 1958 trovato
2024-01-19 16:31:57,944 ERROR main archivio_error - projects2.SearchExecption: Nessun elemento con Autore Barababa trovato
2024-01-19 16:31:57,944 ERROR main archivio_error - projects2.SearchExecption: Nessun elemento con Autore Barababa trovato
2024-01-19 16:34:52,092 INFO main archivio_info - Aggiunto elemento Libri{ElementiBiblioteca{ISBN=1, titolo='Il signore degli Anelli - la compagnia dell'anello', annoPubblicazione=1939-04-12, nPagine=400}autore='Tolkien', genere='Fantasy'}
2024-01-19 16:34:52,092 INFO main archivio_info - Aggiunto elemento Libri{ElementiBiblioteca{ISBN=2, titolo='Harry Potter e la pietra filosoale', annoPubblicazione=2001-09-12, nPagine=220}autore='Rowling', genere='Fantasy'}
2024-01-19 16:34:52,093 INFO main archivio_info - Aggiunto elemento Libri{ElementiBiblioteca{ISBN=3, titolo='Se questo è un uomo', annoPubblicazione=1990-08-25, nPagine=157}autore='Primo Levi', genere='Biography'}
2024-01-19 16:34:52,093 INFO main archivio_info - Aggiunto elemento Riviste{ElementiBiblioteca{ISBN=4, titolo='Famiglia Cristiana', annoPubblicazione=2000-12-14, nPagine=50}periodicità=SETTIMANALE}
2024-01-19 16:34:52,093 INFO main archivio_info - Aggiunto elemento Riviste{ElementiBiblioteca{ISBN=5, titolo='Novella 2000', annoPubblicazione=2004-10-14, nPagine=60}periodicità=SETTIMANALE}
2024-01-19 16:34:52,093 INFO main archivio_info - Aggiunto elemento Riviste{ElementiBiblioteca{ISBN=6, titolo='Focus', annoPubblicazione=1998-03-28, nPagine=45}periodicità=MENSILE}
2024-01-19 16:34:52,094 INFO main archivio_info - Aggiunto elemento Riviste{ElementiBiblioteca{ISBN=7, titolo='Maghi e magie', annoPubblicazione=1898-02-28, nPagine=70}periodicità=SEMESTRALE}
2024-01-19 16:34:52,094 ERROR main archivio_error - L'archivio ha già l'elemento : Libri{ElementiBiblioteca{ISBN=1, titolo='Il signore degli Anelli - la compagnia dell'anello', annoPubblicazione=1939-04-12, nPagine=400}autore='Tolkien', genere='Fantasy'}
2024-01-19 16:34:52,094 ERROR main archivio_error - L'archivio ha già l'elemento : Libri{ElementiBiblioteca{ISBN=1, titolo='Il signore degli Anelli - la compagnia dell'anello', annoPubblicazione=1939-04-12, nPagine=400}autore='Tolkien', genere='Fantasy'}
2024-01-19 16:34:52,101 ERROR main archivio_error - Elemento con ISBN: 8 non trovato!
2024-01-19 16:34:52,101 ERROR main archivio_error - Elemento con ISBN: 8 non trovato!
2024-01-19 16:34:52,103 ERROR main archivio_error - projects2.SearchExecption: Elemento con ISBN 0 non trovato
2024-01-19 16:34:52,103 ERROR main archivio_error - projects2.SearchExecption: Elemento con ISBN 0 non trovato
2024-01-19 16:34:52,106 INFO main archivio_info - Ricerca per anno1998
2024-01-19 16:34:52,107 ERROR main archivio_error - projects2.SearchExecption: Nessun elemento con Autore Barababa trovato
2024-01-19 16:34:52,107 ERROR main archivio_error - projects2.SearchExecption: Nessun elemento con Autore Barababa trovato
2024-01-19 16:36:39,142 INFO main archivio_info - Aggiunto elemento Libri{ElementiBiblioteca{ISBN=1, titolo='Il signore degli Anelli - la compagnia dell'anello', annoPubblicazione=1939-04-12, nPagine=400}autore='Tolkien', genere='Fantasy'}
2024-01-19 16:36:39,144 INFO main archivio_info - Aggiunto elemento Libri{ElementiBiblioteca{ISBN=2, titolo='Harry Potter e la pietra filosoale', annoPubblicazione=2001-09-12, nPagine=220}autore='Rowling', genere='Fantasy'}
2024-01-19 16:36:39,144 INFO main archivio_info - Aggiunto elemento Libri{ElementiBiblioteca{ISBN=3, titolo='Se questo è un uomo', annoPubblicazione=1990-08-25, nPagine=157}autore='Primo Levi', genere='Biography'}
2024-01-19 16:36:39,144 INFO main archivio_info - Aggiunto elemento Riviste{ElementiBiblioteca{ISBN=4, titolo='Famiglia Cristiana', annoPubblicazione=2000-12-14, nPagine=50}periodicità=SETTIMANALE}
2024-01-19 16:36:39,144 INFO main archivio_info - Aggiunto elemento Riviste{ElementiBiblioteca{ISBN=5, titolo='Novella 2000', annoPubblicazione=2004-10-14, nPagine=60}periodicità=SETTIMANALE}
2024-01-19 16:36:39,145 INFO main archivio_info - Aggiunto elemento Riviste{ElementiBiblioteca{ISBN=6, titolo='Focus', annoPubblicazione=1998-03-28, nPagine=45}periodicità=MENSILE}
2024-01-19 16:36:39,145 INFO main archivio_info - Aggiunto elemento Riviste{ElementiBiblioteca{ISBN=7, titolo='Maghi e magie', annoPubblicazione=1898-02-28, nPagine=70}periodicità=SEMESTRALE}
2024-01-19 16:36:39,145 ERROR main archivio_error - L'archivio ha già l'elemento : Libri{ElementiBiblioteca{ISBN=1, titolo='Il signore degli Anelli - la compagnia dell'anello', annoPubblicazione=1939-04-12, nPagine=400}autore='Tolkien', genere='Fantasy'}
2024-01-19 16:36:39,145 ERROR main archivio_error - L'archivio ha già l'elemento : Libri{ElementiBiblioteca{ISBN=1, titolo='Il signore degli Anelli - la compagnia dell'anello', annoPubblicazione=1939-04-12, nPagine=400}autore='Tolkien', genere='Fantasy'}
2024-01-19 16:36:39,153 ERROR main archivio_error - Elemento con ISBN: 8 non trovato!
2024-01-19 16:36:39,153 ERROR main archivio_error - Elemento con ISBN: 8 non trovato!
2024-01-19 16:36:39,154 INFO main archivio_info - Ricerca per ISBN 0
2024-01-19 16:36:39,155 ERROR main archivio_error - projects2.SearchExecption: Elemento con ISBN 0 non trovato
2024-01-19 16:36:39,155 ERROR main archivio_error - projects2.SearchExecption: Elemento con ISBN 0 non trovato
2024-01-19 16:36:39,155 INFO main archivio_info - Ricerca per ISBN 2
2024-01-19 16:36:39,160 INFO main archivio_info - Ricerca per anno 1998
2024-01-19 16:36:39,161 ERROR main archivio_error - projects2.SearchExecption: Nessun elemento con Autore Barababa trovato
2024-01-19 16:36:39,161 ERROR main archivio_error - projects2.SearchExecption: Nessun elemento con Autore Barababa trovato
2024-01-19 16:38:41,018 INFO main archivio_info - Aggiunto elemento Libri{ElementiBiblioteca{ISBN=1, titolo='Il signore degli Anelli - la compagnia dell'anello', annoPubblicazione=1939-04-12, nPagine=400}autore='Tolkien', genere='Fantasy'}
2024-01-19 16:38:41,019 INFO main archivio_info - Aggiunto elemento Libri{ElementiBiblioteca{ISBN=2, titolo='Harry Potter e la pietra filosoale', annoPubblicazione=2001-09-12, nPagine=220}autore='Rowling', genere='Fantasy'}
2024-01-19 16:38:41,019 INFO main archivio_info - Aggiunto elemento Libri{ElementiBiblioteca{ISBN=3, titolo='Se questo è un uomo', annoPubblicazione=1990-08-25, nPagine=157}autore='Primo Levi', genere='Biography'}
2024-01-19 16:38:41,020 INFO main archivio_info - Aggiunto elemento Riviste{ElementiBiblioteca{ISBN=4, titolo='Famiglia Cristiana', annoPubblicazione=2000-12-14, nPagine=50}periodicità=SETTIMANALE}
2024-01-19 16:38:41,020 INFO main archivio_info - Aggiunto elemento Riviste{ElementiBiblioteca{ISBN=5, titolo='Novella 2000', annoPubblicazione=2004-10-14, nPagine=60}periodicità=SETTIMANALE}
2024-01-19 16:38:41,020 INFO main archivio_info - Aggiunto elemento Riviste{ElementiBiblioteca{ISBN=6, titolo='Focus', annoPubblicazione=1998-03-28, nPagine=45}periodicità=MENSILE}
2024-01-19 16:38:41,020 INFO main archivio_info - Aggiunto elemento Riviste{ElementiBiblioteca{ISBN=7, titolo='Maghi e magie', annoPubblicazione=1898-02-28, nPagine=70}periodicità=SEMESTRALE}
2024-01-19 16:38:41,020 ERROR main archivio_error - L'archivio ha già l'elemento : Libri{ElementiBiblioteca{ISBN=1, titolo='Il signore degli Anelli - la compagnia dell'anello', annoPubblicazione=1939-04-12, nPagine=400}autore='Tolkien', genere='Fantasy'}
2024-01-19 16:38:41,020 ERROR main archivio_error - L'archivio ha già l'elemento : Libri{ElementiBiblioteca{ISBN=1, titolo='Il signore degli Anelli - la compagnia dell'anello', annoPubblicazione=1939-04-12, nPagine=400}autore='Tolkien', genere='Fantasy'}
2024-01-19 16:38:41,024 ERROR main archivio_error - Elemento con ISBN: 8 non trovato!
2024-01-19 16:38:41,024 ERROR main archivio_error - Elemento con ISBN: 8 non trovato!
2024-01-19 16:38:41,025 INFO main archivio_info - Ricerca per ISBN 0
2024-01-19 16:38:41,026 ERROR main archivio_error - projects2.SearchExecption: Elemento con ISBN 0 non trovato
2024-01-19 16:38:41,026 ERROR main archivio_error - projects2.SearchExecption: Elemento con ISBN 0 non trovato
2024-01-19 16:38:41,026 INFO main archivio_info - Ricerca per ISBN 2
2024-01-19 16:38:41,031 INFO main archivio_info - Ricerca per anno 1998
2024-01-19 16:38:41,032 ERROR main archivio_error - projects2.SearchExecption: Nessun elemento con Autore Barababa trovato
2024-01-19 16:38:41,032 ERROR main archivio_error - projects2.SearchExecption: Nessun elemento con Autore Barababa trovato
2024-01-19 16:38:41,058 INFO main archivio_info - Salvataggio archivio su file
2024-01-19 16:38:41,065 INFO main archivio_info - Lettura archivio da file
